<?xml version="1.0" encoding="UTF-8"?>
<testsuite name="CalculatorTest" tests="3" skipped="0" failures="0" errors="0" timestamp="2022-06-06T08:48:05" hostname="jeonminjiui-MacBookAir.local" time="0.072">
  <properties/>
  <testcase name="simpleTest()" classname="CalculatorTest" time="0.037"/>
  <testcase name="plus()" classname="CalculatorTest" time="0.025"/>
  <testcase name="minus()" classname="CalculatorTest" time="0.002"/>
  <system-out><![CDATA[]]></system-out>
  <system-err><![CDATA[]]></system-err>
</testsuite>
