<?xml version="1.0" encoding="UTF-8"?>
<testsuite name="MessageProviderTest" tests="2" skipped="0" failures="0" errors="0" timestamp="2022-06-06T06:34:21" hostname="jeonminjiui-MacBookAir.local" time="0.121">
  <properties/>
  <testcase name="helloToYou()" classname="MessageProviderTest" time="0.115"/>
  <testcase name="defaultMessage()" classname="MessageProviderTest" time="0.002"/>
  <system-out><![CDATA[]]></system-out>
  <system-err><![CDATA[]]></system-err>
</testsuite>
