<?xml version="1.0" encoding="UTF-8"?>
<testsuite name="CalculatorTest" tests="6" skipped="0" failures="0" errors="0" timestamp="2022-06-06T06:47:14" hostname="seonghwan-ui-MacBookPro.local" time="0.032">
  <properties/>
  <testcase name="plusTest()" classname="CalculatorTest" time="0.026"/>
  <testcase name="dividesTest()" classname="CalculatorTest" time="0.0"/>
  <testcase name="timesTest()" classname="CalculatorTest" time="0.001"/>
  <testcase name="errorTest()" classname="CalculatorTest" time="0.001"/>
  <testcase name="verySimpleTest()" classname="CalculatorTest" time="0.001"/>
  <testcase name="minusTest()" classname="CalculatorTest" time="0.0"/>
  <system-out><![CDATA[]]></system-out>
  <system-err><![CDATA[]]></system-err>
</testsuite>
